{"C:\\Users\\Womac\\realCouncilBot\\misc\\arakuneFunc.js":{"path":"C:\\Users\\Womac\\realCouncilBot\\misc\\arakuneFunc.js","s":{"1":1,"2":1,"3":1,"4":1,"5":1,"6":1,"7":1,"8":1,"9":6,"10":1,"11":6,"12":6,"13":1,"14":5,"15":15,"16":4,"17":5,"18":1,"19":6,"20":1,"21":1,"22":1,"23":1,"24":0,"25":1,"26":1,"27":0,"28":0,"29":0,"30":0,"31":0,"32":1,"33":0,"34":1,"35":0,"36":1,"37":0,"38":1,"39":0,"40":0,"41":0,"42":0,"43":1,"44":0,"45":1},"b":{"1":[1,5],"2":[4,11],"3":[1,4],"4":[0,1],"5":[1,1],"6":[0,0],"7":[0,0],"8":[0,0],"9":[0,0]},"f":{"1":6,"2":6,"3":1,"4":0,"5":0,"6":0,"7":0,"8":0,"9":0},"fnMap":{"1":{"name":"(anonymous_1)","line":9,"loc":{"start":{"line":9,"column":12},"end":{"line":9,"column":35}}},"2":{"name":"(anonymous_2)","line":12,"loc":{"start":{"line":12,"column":16},"end":{"line":12,"column":40}}},"3":{"name":"(anonymous_3)","line":29,"loc":{"start":{"line":29,"column":18},"end":{"line":29,"column":30}}},"4":{"name":"(anonymous_4)","line":37,"loc":{"start":{"line":37,"column":15},"end":{"line":37,"column":31}}},"5":{"name":"(anonymous_5)","line":48,"loc":{"start":{"line":48,"column":16},"end":{"line":48,"column":35}}},"6":{"name":"(anonymous_6)","line":51,"loc":{"start":{"line":51,"column":16},"end":{"line":51,"column":28}}},"7":{"name":"(anonymous_7)","line":54,"loc":{"start":{"line":54,"column":15},"end":{"line":54,"column":35}}},"8":{"name":"(anonymous_8)","line":58,"loc":{"start":{"line":58,"column":24},"end":{"line":58,"column":54}}},"9":{"name":"(anonymous_9)","line":65,"loc":{"start":{"line":65,"column":19},"end":{"line":65,"column":31}}}},"statementMap":{"1":{"start":{"line":1,"column":0},"end":{"line":1,"column":55}},"2":{"start":{"line":2,"column":0},"end":{"line":2,"column":43}},"3":{"start":{"line":3,"column":0},"end":{"line":3,"column":25}},"4":{"start":{"line":4,"column":0},"end":{"line":4,"column":87}},"5":{"start":{"line":5,"column":0},"end":{"line":5,"column":55}},"6":{"start":{"line":6,"column":0},"end":{"line":6,"column":55}},"7":{"start":{"line":7,"column":0},"end":{"line":7,"column":27}},"8":{"start":{"line":9,"column":0},"end":{"line":11,"column":2}},"9":{"start":{"line":10,"column":4},"end":{"line":10,"column":71}},"10":{"start":{"line":12,"column":0},"end":{"line":28,"column":2}},"11":{"start":{"line":13,"column":4},"end":{"line":13,"column":23}},"12":{"start":{"line":14,"column":4},"end":{"line":26,"column":5}},"13":{"start":{"line":15,"column":8},"end":{"line":15,"column":49}},"14":{"start":{"line":18,"column":8},"end":{"line":22,"column":9}},"15":{"start":{"line":19,"column":12},"end":{"line":21,"column":13}},"16":{"start":{"line":20,"column":16},"end":{"line":20,"column":42}},"17":{"start":{"line":23,"column":8},"end":{"line":25,"column":9}},"18":{"start":{"line":24,"column":12},"end":{"line":24,"column":51}},"19":{"start":{"line":27,"column":4},"end":{"line":27,"column":28}},"20":{"start":{"line":29,"column":0},"end":{"line":36,"column":2}},"21":{"start":{"line":30,"column":4},"end":{"line":30,"column":63}},"22":{"start":{"line":31,"column":4},"end":{"line":31,"column":71}},"23":{"start":{"line":32,"column":4},"end":{"line":34,"column":5}},"24":{"start":{"line":33,"column":8},"end":{"line":33,"column":30}},"25":{"start":{"line":35,"column":4},"end":{"line":35,"column":17}},"26":{"start":{"line":37,"column":0},"end":{"line":47,"column":2}},"27":{"start":{"line":38,"column":4},"end":{"line":46,"column":5}},"28":{"start":{"line":39,"column":8},"end":{"line":39,"column":29}},"29":{"start":{"line":41,"column":9},"end":{"line":46,"column":5}},"30":{"start":{"line":42,"column":8},"end":{"line":42,"column":75}},"31":{"start":{"line":45,"column":8},"end":{"line":45,"column":42}},"32":{"start":{"line":48,"column":0},"end":{"line":50,"column":2}},"33":{"start":{"line":49,"column":4},"end":{"line":49,"column":60}},"34":{"start":{"line":51,"column":0},"end":{"line":53,"column":2}},"35":{"start":{"line":52,"column":4},"end":{"line":52,"column":27}},"36":{"start":{"line":54,"column":0},"end":{"line":57,"column":2}},"37":{"start":{"line":55,"column":4},"end":{"line":55,"column":56}},"38":{"start":{"line":58,"column":0},"end":{"line":64,"column":2}},"39":{"start":{"line":59,"column":4},"end":{"line":59,"column":76}},"40":{"start":{"line":60,"column":4},"end":{"line":62,"column":5}},"41":{"start":{"line":61,"column":8},"end":{"line":61,"column":16}},"42":{"start":{"line":63,"column":4},"end":{"line":63,"column":15}},"43":{"start":{"line":65,"column":0},"end":{"line":67,"column":2}},"44":{"start":{"line":66,"column":4},"end":{"line":66,"column":55}},"45":{"start":{"line":69,"column":0},"end":{"line":79,"column":2}}},"branchMap":{"1":{"line":14,"type":"if","locations":[{"start":{"line":14,"column":4},"end":{"line":14,"column":4}},{"start":{"line":14,"column":4},"end":{"line":14,"column":4}}]},"2":{"line":19,"type":"if","locations":[{"start":{"line":19,"column":12},"end":{"line":19,"column":12}},{"start":{"line":19,"column":12},"end":{"line":19,"column":12}}]},"3":{"line":23,"type":"if","locations":[{"start":{"line":23,"column":8},"end":{"line":23,"column":8}},{"start":{"line":23,"column":8},"end":{"line":23,"column":8}}]},"4":{"line":32,"type":"if","locations":[{"start":{"line":32,"column":4},"end":{"line":32,"column":4}},{"start":{"line":32,"column":4},"end":{"line":32,"column":4}}]},"5":{"line":32,"type":"binary-expr","locations":[{"start":{"line":32,"column":8},"end":{"line":32,"column":27}},{"start":{"line":32,"column":31},"end":{"line":32,"column":47}}]},"6":{"line":38,"type":"if","locations":[{"start":{"line":38,"column":4},"end":{"line":38,"column":4}},{"start":{"line":38,"column":4},"end":{"line":38,"column":4}}]},"7":{"line":41,"type":"if","locations":[{"start":{"line":41,"column":9},"end":{"line":41,"column":9}},{"start":{"line":41,"column":9},"end":{"line":41,"column":9}}]},"8":{"line":60,"type":"if","locations":[{"start":{"line":60,"column":4},"end":{"line":60,"column":4}},{"start":{"line":60,"column":4},"end":{"line":60,"column":4}}]},"9":{"line":60,"type":"binary-expr","locations":[{"start":{"line":60,"column":8},"end":{"line":60,"column":18}},{"start":{"line":60,"column":22},"end":{"line":60,"column":30}}]}}},"C:\\Users\\Womac\\realCouncilBot\\resources\\quotes.js":{"path":"C:\\Users\\Womac\\realCouncilBot\\resources\\quotes.js","s":{"1":1},"b":{},"f":{},"fnMap":{},"statementMap":{"1":{"start":{"line":1,"column":0},"end":{"line":106,"column":2}}},"branchMap":{}},"C:\\Users\\Womac\\realCouncilBot\\resources\\adminList.js":{"path":"C:\\Users\\Womac\\realCouncilBot\\resources\\adminList.js","s":{"1":1},"b":{},"f":{},"fnMap":{},"statementMap":{"1":{"start":{"line":1,"column":0},"end":{"line":1,"column":46}}},"branchMap":{}}}