TN:
SF:C:\Users\Womac\realCouncilBot\misc\arakuneFunc.js
FN:9,(anonymous_1)
FN:12,(anonymous_2)
FN:29,(anonymous_3)
FN:37,(anonymous_4)
FN:48,(anonymous_5)
FN:51,(anonymous_6)
FN:54,(anonymous_7)
FN:58,(anonymous_8)
FN:65,(anonymous_9)
FNF:9
FNH:3
FNDA:6,(anonymous_1)
FNDA:6,(anonymous_2)
FNDA:1,(anonymous_3)
FNDA:0,(anonymous_4)
FNDA:0,(anonymous_5)
FNDA:0,(anonymous_6)
FNDA:0,(anonymous_7)
FNDA:0,(anonymous_8)
FNDA:0,(anonymous_9)
DA:1,1
DA:2,1
DA:3,1
DA:4,1
DA:5,1
DA:6,1
DA:7,1
DA:9,1
DA:10,6
DA:12,1
DA:13,6
DA:14,6
DA:15,1
DA:18,5
DA:19,15
DA:20,4
DA:23,5
DA:24,1
DA:27,6
DA:29,1
DA:30,1
DA:31,1
DA:32,1
DA:33,0
DA:35,1
DA:37,1
DA:38,0
DA:39,0
DA:41,0
DA:42,0
DA:45,0
DA:48,1
DA:49,0
DA:51,1
DA:52,0
DA:54,1
DA:55,0
DA:58,1
DA:59,0
DA:60,0
DA:61,0
DA:63,0
DA:65,1
DA:66,0
DA:69,1
LF:45
LH:31
BRDA:14,1,0,1
BRDA:14,1,1,5
BRDA:19,2,0,4
BRDA:19,2,1,11
BRDA:23,3,0,1
BRDA:23,3,1,4
BRDA:32,4,0,0
BRDA:32,4,1,1
BRDA:32,5,0,1
BRDA:32,5,1,1
BRDA:38,6,0,0
BRDA:38,6,1,0
BRDA:41,7,0,0
BRDA:41,7,1,0
BRDA:60,8,0,0
BRDA:60,8,1,0
BRDA:60,9,0,0
BRDA:60,9,1,0
BRF:18
BRH:9
end_of_record
TN:
SF:C:\Users\Womac\realCouncilBot\resources\quotes.js
FNF:0
FNH:0
DA:1,1
LF:1
LH:1
BRF:0
BRH:0
end_of_record
TN:
SF:C:\Users\Womac\realCouncilBot\resources\adminList.js
FNF:0
FNH:0
DA:1,1
LF:1
LH:1
BRF:0
BRH:0
end_of_record
